<?xml version="1.0" encoding="utf-8"?><testsuites name="pytest tests"><testsuite name="pytest" errors="0" failures="0" skipped="0" tests="21" time="43.018" timestamp="2026-02-15T13:42:24.666869+00:00" hostname="agent-env-88467abf-12b6-4bd2-9773-6440c3fbd969"><testcase classname="backend.tests.test_flipwill_api.TestDeckConfiguration" name="test_get_decks_endpoint" time="0.351" /><testcase classname="backend.tests.test_flipwill_api.TestDeckConfiguration" name="test_original_deck_has_78_cards" time="0.131" /><testcase classname="backend.tests.test_flipwill_api.TestDeckConfiguration" name="test_anime_deck_has_49_cards" time="0.149" /><testcase classname="backend.tests.test_flipwill_api.TestDeckConfiguration" name="test_unavailable_decks" time="0.143" /><testcase classname="backend.tests.test_flipwill_api.TestCardsEndpoint" name="test_get_cards_default" time="0.139" /><testcase classname="backend.tests.test_flipwill_api.TestCardsEndpoint" name="test_get_cards_original_deck" time="0.150" /><testcase classname="backend.tests.test_flipwill_api.TestCardsEndpoint" name="test_get_cards_anime_deck" time="0.155" /><testcase classname="backend.tests.test_flipwill_api.TestCardsEndpoint" name="test_get_single_card" time="0.126" /><testcase classname="backend.tests.test_flipwill_api.TestCardsEndpoint" name="test_get_invalid_card" time="0.137" /><testcase classname="backend.tests.test_flipwill_api.TestDrawEndpoint" name="test_draw_single_card" time="0.194" /><testcase classname="backend.tests.test_flipwill_api.TestDrawEndpoint" name="test_draw_three_cards" time="0.166" /><testcase classname="backend.tests.test_flipwill_api.TestDrawEndpoint" name="test_draw_invalid_count" time="0.285" /><testcase classname="backend.tests.test_flipwill_api.TestDrawEndpoint" name="test_draw_method_is_post" time="0.135" /><testcase classname="backend.tests.test_flipwill_api.TestInterpretEndpoint" name="test_interpret_three_cards" time="10.170" /><testcase classname="backend.tests.test_flipwill_api.TestInterpretEndpoint" name="test_interpret_card_metadata" time="6.504" /><testcase classname="backend.tests.test_flipwill_api.TestClarifierEndpoint" name="test_clarifier_interpret" time="4.339" /><testcase classname="backend.tests.test_flipwill_api.TestClarifierEndpoint" name="test_clarifier_with_all_focus_types" time="14.862" /><testcase classname="backend.tests.test_flipwill_api.TestReadingsEndpoint" name="test_get_readings" time="0.195" /><testcase classname="backend.tests.test_flipwill_api.TestReadingsEndpoint" name="test_save_reading" time="0.176" /><testcase classname="backend.tests.test_flipwill_api.TestDailyCardEndpoint" name="test_daily_card" time="2.102" /><testcase classname="backend.tests.test_flipwill_api.TestDailyCardEndpoint" name="test_personal_daily_card" time="2.150" /></testsuite></testsuites>