<?xml version="1.0" encoding="utf-8"?><testsuites name="pytest tests"><testsuite name="pytest" errors="0" failures="0" skipped="0" tests="13" time="7.354" timestamp="2026-02-20T04:20:14.718526+00:00" hostname="agent-env-04582826-d5ab-4c66-8e1c-983f215fb215"><testcase classname="backend.tests.test_stripe_payments.TestPaymentPlansEndpoint" name="test_get_subscription_plans" time="0.315" /><testcase classname="backend.tests.test_stripe_payments.TestPaymentPlansEndpoint" name="test_monthly_plan_details" time="0.154" /><testcase classname="backend.tests.test_stripe_payments.TestPaymentPlansEndpoint" name="test_yearly_plan_details" time="0.157" /><testcase classname="backend.tests.test_stripe_payments.TestCreateCheckoutEndpoint" name="test_create_checkout_monthly" time="0.771" /><testcase classname="backend.tests.test_stripe_payments.TestCreateCheckoutEndpoint" name="test_create_checkout_yearly" time="0.471" /><testcase classname="backend.tests.test_stripe_payments.TestCreateCheckoutEndpoint" name="test_create_checkout_invalid_plan" time="0.119" /><testcase classname="backend.tests.test_stripe_payments.TestCreateCheckoutEndpoint" name="test_checkout_url_has_promo_codes_enabled" time="0.499" /><testcase classname="backend.tests.test_stripe_payments.TestSetupPromoCodesEndpoint" name="test_setup_promo_codes" time="1.149" /><testcase classname="backend.tests.test_stripe_payments.TestSetupPromoCodesEndpoint" name="test_founders50_promo_code_exists" time="0.469" /><testcase classname="backend.tests.test_stripe_payments.TestPaymentStatusEndpoint" name="test_get_payment_status" time="0.816" /><testcase classname="backend.tests.test_stripe_payments.TestPaymentStatusEndpoint" name="test_get_invalid_session_status" time="0.294" /><testcase classname="backend.tests.test_stripe_payments.TestCheckoutSuccessFlow" name="test_full_checkout_flow_creation" time="1.050" /><testcase classname="backend.tests.test_stripe_payments.TestCheckoutSuccessFlow" name="test_checkout_returns_correct_metadata" time="0.892" /></testsuite></testsuites>